LOG : 00:04:14  ----  Opened database successfully
LOG : 00:04:14  ----  Executing DB query 'SELECT ID, TEXT FROM CATCHPHRASE;'...
LOG : 00:04:14  ----  Executing DB query 'SELECT ID, ICON_PATH FROM USER_ICON;'...
LOG : 00:04:22  ----  Opened database successfully
LOG : 00:04:22  ----  Executing DB query 'SELECT ID, TEXT FROM CATCHPHRASE;'...
LOG : 00:04:22  ----  Executing DB query 'SELECT ID, ICON_PATH FROM USER_ICON;'...
LOG : 00:05:20  ----  Opened database successfully
LOG : 00:05:20  ----  Executing DB query 'SELECT ID, TEXT FROM CATCHPHRASE;'...
LOG : 00:05:20  ----  Executing DB query 'SELECT ID, ICON_PATH FROM USER_ICON;'...
LOG : 00:05:20  ----  Executing DB update 'INSERT INTO PLAYER(ID, EMAIL, USERNAME, PASSWORD, CATCHPHRASE_ANSWER, CATCHPHRASE_QUESTION, COLOR_R, COLOR_G, COLOR_B, USER_ICON_ID, LAST_LOGIN_TIME) VALUES (0, aa, aa, aa, NULL, 0, 0.0, 0.0, 0.0, 0, NULL);'...
ERR : 00:05:20  ----  Error while trying to insert object of type 'org.neon.master.db.orm.Player'!
ERR : 00:05:20  ----  Exception SQLiteException caught at org.neon.master.db.orm.model.AbstractDatabaseModel @ insert ln:66
ERR : 00:05:20  ----  Exception message: [SQLITE_ERROR] SQL error or missing database (table PLAYER has no column named USER_ICON_ID)
LOG : 00:17:03  ----  Opened database successfully
LOG : 00:17:03  ----  Executing DB query 'SELECT ID, TEXT FROM CATCHPHRASE;'...
LOG : 00:17:03  ----  Executing DB query 'SELECT ID, ICON_PATH FROM USER_ICON;'...
LOG : 00:17:03  ----  Executing DB update 'INSERT INTO PLAYER(ID, EMAIL, USERNAME, PASSWORD, CATCHPHRASE_ANSWER, CATCHPHRASE_QUESTION, COLOR_R, COLOR_G, COLOR_B, USER_ICON_ID, LAST_LOGIN_TIME) VALUES (0, aa, aa, aa, NULL, 0, 0.0, 0.0, 0.0, 0, NULL);'...
ERR : 00:17:03  ----  Error while trying to insert object of type 'org.neon.master.db.orm.Player'!
ERR : 00:17:03  ----  Exception SQLiteException caught at org.neon.master.db.orm.model.AbstractDatabaseModel @ insert ln:66
ERR : 00:17:03  ----  Exception message: [SQLITE_ERROR] SQL error or missing database (table PLAYER has no column named USER_ICON_ID)
LOG : 00:17:22  ----  Opened database successfully
LOG : 00:17:22  ----  Executing DB query 'SELECT ID, TEXT FROM CATCHPHRASE;'...
LOG : 00:17:22  ----  Executing DB query 'SELECT ID, ICON_PATH FROM USER_ICON;'...
LOG : 00:17:22  ----  Executing DB update 'INSERT INTO PLAYER(ID, EMAIL, USERNAME, PASSWORD, CATCHPHRASE_ANSWER, CATCHPHRASE_QUESTION, COLOR_R, COLOR_G, COLOR_B, USER_ICON, LAST_LOGIN_TIME) VALUES (0, aa, aa, aa, NULL, 0, 0.0, 0.0, 0.0, 0, NULL);'...
ERR : 00:17:22  ----  Error while trying to insert object of type 'org.neon.master.db.orm.Player'!
ERR : 00:17:22  ----  Exception SQLiteException caught at org.neon.master.db.orm.model.AbstractDatabaseModel @ insert ln:66
ERR : 00:17:22  ----  Exception message: [SQLITE_ERROR] SQL error or missing database (no such column: aa)
LOG : 00:19:08  ----  Opened database successfully
LOG : 00:19:08  ----  Executing DB query 'SELECT ID, TEXT FROM CATCHPHRASE;'...
LOG : 00:19:08  ----  Executing DB query 'SELECT ID, ICON_PATH FROM USER_ICON;'...
LOG : 00:19:08  ----  Executing DB update 'INSERT INTO PLAYER(ID, EMAIL, USERNAME, PASSWORD, CATCHPHRASE_ANSWER, CATCHPHRASE_QUESTION, COLOR_R, COLOR_G, COLOR_B, USER_ICON, LAST_LOGIN_TIME) VALUES (0, "aa", "aa", "aa", "null", 0, 0.0, 0.0, 0.0, 0, NULL);'...
LOG : 00:21:41  ----  Opened database successfully
LOG : 00:21:41  ----  Executing DB query 'SELECT ID, TEXT FROM CATCHPHRASE;'...
LOG : 00:21:41  ----  Executing DB query 'SELECT ID, ICON_PATH FROM USER_ICON;'...
LOG : 00:21:41  ----  Executing DB query 'SELECT ID, EMAIL, USERNAME, PASSWORD, CATCHPHRASE_ANSWER, CATCHPHRASE_QUESTION, COLOR_R, COLOR_G, COLOR_B, USER_ICON, LAST_LOGIN_TIME FROM PLAYER;'...
LOG : 00:22:07  ----  Opened database successfully
LOG : 00:22:07  ----  Executing DB query 'SELECT ID, TEXT FROM CATCHPHRASE;'...
LOG : 00:22:07  ----  Executing DB query 'SELECT ID, ICON_PATH FROM USER_ICON;'...
LOG : 00:22:07  ----  Executing DB query 'SELECT ID, EMAIL, USERNAME, PASSWORD, CATCHPHRASE_ANSWER, CATCHPHRASE_QUESTION, COLOR_R, COLOR_G, COLOR_B, USER_ICON, LAST_LOGIN_TIME FROM PLAYER;'...
